ERROR: file or directory not found: tests/api/test_source_ingestion.py

============================= test session starts =============================
platform win32 -- Python 3.11.9, pytest-9.0.3, pluggy-1.6.0
Using --randomly-seed=273256192
rootdir: C:\Users\BBB\Fabric_4L
configfile: pytest.ini
plugins: anyio-4.13.0, Faker-40.19.1, hypothesis-6.152.11, langsmith-0.8.5, asyncio-1.3.0, cov-7.1.0, env-1.6.0, randomly-4.1.0, timeout-2.4.0, xdist-3.8.0, respx-0.23.1, schemathesis-4.20.0
asyncio: mode=Mode.AUTO, debug=False, asyncio_default_fixture_loop_scope=None, asyncio_default_test_loop_scope=function
timeout: 60.0s
timeout method: thread
timeout func_only: False
collected 0 items

============================ no tests ran in 6.86s ============================
